<?xml version="1.0" encoding="UTF-8"?>
<testng-results skipped="0" failed="0" ignored="0" total="1" passed="1">
  <reporter-output>
  </reporter-output>
  <suite name="Maven Sample Suiite" duration-ms="8790" started-at="2018-12-25T07:37:12Z" finished-at="2018-12-25T07:37:21Z">
    <groups>
    </groups>
    <test name="Test Maven" duration-ms="8790" started-at="2018-12-25T07:37:12Z" finished-at="2018-12-25T07:37:21Z">
      <class name="com.esab.main.EsabBase">
        <test-method status="PASS" signature="esablaunch()[pri:0, instance:com.esab.main.EsabBase@b4c3ab]" name="esablaunch" duration-ms="8761" started-at="2018-12-25T07:37:12Z" finished-at="2018-12-25T07:37:21Z">
          <reporter-output>
          </reporter-output>
        </test-method> <!-- esablaunch -->
      </class> <!-- com.esab.main.EsabBase -->
    </test> <!-- Test Maven -->
  </suite> <!-- Maven Sample Suiite -->
</testng-results>
