<?xml version="1.0" encoding="UTF-8"?>
<testng-results skipped="0" failed="0" ignored="0" total="1" passed="1">
  <reporter-output>
  </reporter-output>
  <suite name="Default suite" duration-ms="24029" started-at="2018-12-24T04:08:23Z" finished-at="2018-12-24T04:08:48Z">
    <groups>
    </groups>
    <test name="Default test" duration-ms="24029" started-at="2018-12-24T04:08:23Z" finished-at="2018-12-24T04:08:48Z">
      <class name="com.esab.main.EsabBase">
        <test-method status="PASS" signature="esablaunch()[pri:0, instance:com.esab.main.EsabBase@6a4f787b]" name="esablaunch" duration-ms="23918" started-at="2018-12-24T04:08:24Z" finished-at="2018-12-24T04:08:48Z">
          <reporter-output>
          </reporter-output>
        </test-method> <!-- esablaunch -->
      </class> <!-- com.esab.main.EsabBase -->
    </test> <!-- Default test -->
  </suite> <!-- Default suite -->
</testng-results>
